android/app/build/intermediates/manifest_merge_blame_file/release/manifest-merger-blame-release-report.txt
1<?xml version="1.0" encoding="utf-8"?>
2<manifest xmlns:android="http://schemas.android.com/apk/res/android"
3    package="com.hichaty"
4    android:versionCode="1"
5    android:versionName="1.0" >
6
7    <uses-sdk
8        android:minSdkVersion="21"
8-->src\main\AndroidManifest.xml
9        android:targetSdkVersion="29" />
9-->src\main\AndroidManifest.xml
10
11    <uses-permission android:name="android.permission.INTERNET" />
11-->src\main\AndroidManifest.xml:5:5-67
11-->src\main\AndroidManifest.xml:5:22-64
12    <uses-permission android:name="android.permission.ACCESS_NETWORK_STATE" />
12-->src\main\AndroidManifest.xml:6:5-79
12-->src\main\AndroidManifest.xml:6:22-76
13    <uses-permission android:name="android.permission.BLUETOOTH" />
13-->src\main\AndroidManifest.xml:7:5-68
13-->src\main\AndroidManifest.xml:7:22-65
14    <uses-permission android:name="android.permission.CAMERA" />
14-->src\main\AndroidManifest.xml:8:5-65
14-->src\main\AndroidManifest.xml:8:22-62
15    <uses-permission android:name="android.permission.MODIFY_AUDIO_SETTINGS" />
15-->src\main\AndroidManifest.xml:9:5-80
15-->src\main\AndroidManifest.xml:9:22-77
16    <uses-permission android:name="android.permission.RECORD_AUDIO" />
16-->src\main\AndroidManifest.xml:10:5-71
16-->src\main\AndroidManifest.xml:10:22-68
17    <uses-permission android:name="android.permission.SYSTEM_ALERT_WINDOW" />
17-->src\main\AndroidManifest.xml:11:5-78
17-->src\main\AndroidManifest.xml:11:22-75
18    <uses-permission android:name="android.permission.WAKE_LOCK" />
18-->src\main\AndroidManifest.xml:12:5-68
18-->src\main\AndroidManifest.xml:12:22-65
19    <uses-permission android:name="android.permission.ACCESS_NOTIFICATION_POLICY" />
19-->src\main\AndroidManifest.xml:13:5-85
19-->src\main\AndroidManifest.xml:13:22-82
20    <uses-permission android:name="android.permission.WRITE_CONTACTS" />
20-->src\main\AndroidManifest.xml:14:5-73
20-->src\main\AndroidManifest.xml:14:22-70
21    <uses-permission android:name="android.permission.READ_CONTACTS" />
21-->src\main\AndroidManifest.xml:15:5-72
21-->src\main\AndroidManifest.xml:15:22-69
22    <uses-permission android:name="android.permission.READ_SMS" />
22-->src\main\AndroidManifest.xml:16:5-66
22-->src\main\AndroidManifest.xml:16:22-64
23    <uses-permission android:name="android.permission.WRITE_SMS" />
23-->src\main\AndroidManifest.xml:17:5-68
23-->src\main\AndroidManifest.xml:17:22-65
24    <uses-permission android:name="android.permission.SEND_SMS" />
24-->src\main\AndroidManifest.xml:18:5-67
24-->src\main\AndroidManifest.xml:18:22-64
25
26    <!-- TODO(salakar) Not sure if this should be part of the package manifest or leave to users app manifest code? -->
27    <uses-permission android:name="android.permission.READ_EXTERNAL_STORAGE" />
27-->[:react-native-firebase_storage] AndroidManifest.xml:15:5-80
27-->[:react-native-firebase_storage] AndroidManifest.xml:15:22-77
28    <uses-permission android:name="android.permission.WRITE_EXTERNAL_STORAGE" />
28-->[:react-native-firebase_storage] AndroidManifest.xml:16:5-81
28-->[:react-native-firebase_storage] AndroidManifest.xml:16:22-78
29
30    <queries>
30-->[:react-native-image-crop-picker] AndroidManifest.xml:10:5-14:15
31        <intent>
31-->[:react-native-image-crop-picker] AndroidManifest.xml:11:9-13:18
32            <action android:name="android.media.action.IMAGE_CAPTURE" />
32-->[:react-native-image-crop-picker] AndroidManifest.xml:12:13-73
32-->[:react-native-image-crop-picker] AndroidManifest.xml:12:21-70
33        </intent>
34        <!-- For browser content -->
35        <intent>
35-->[:react-native-image-crop-picker] AndroidManifest.xml:11:9-13:18
36            <action android:name="android.intent.action.VIEW" />
36-->src\main\AndroidManifest.xml:39:11-63
36-->src\main\AndroidManifest.xml:39:19-60
37
38            <category android:name="android.intent.category.BROWSABLE" />
38-->src\main\AndroidManifest.xml:41:11-72
38-->src\main\AndroidManifest.xml:41:21-69
39
40            <data android:scheme="https" />
40-->src\main\AndroidManifest.xml:42:11-44
40-->src\main\AndroidManifest.xml:42:17-41
41        </intent> <!-- End of browser content -->
42        <!-- For CustomTabsService -->
43        <intent>
43-->[:react-native-image-crop-picker] AndroidManifest.xml:11:9-13:18
44            <action android:name="android.support.customtabs.action.CustomTabsService" />
45        </intent>
46    </queries> <!-- Required by older versions of Google Play services to create IID tokens -->
47    <uses-permission android:name="com.google.android.c2dm.permission.RECEIVE" />
47-->[com.google.firebase:firebase-messaging:22.0.0] AndroidManifest.xml:25:5-82
47-->[com.google.firebase:firebase-messaging:22.0.0] AndroidManifest.xml:25:22-79
48    <uses-permission android:name="com.google.android.finsky.permission.BIND_GET_INSTALL_REFERRER_SERVICE" />
48-->[com.google.android.gms:play-services-measurement:19.0.0] AndroidManifest.xml:26:5-110
48-->[com.google.android.gms:play-services-measurement:19.0.0] AndroidManifest.xml:26:22-107
49    <uses-permission android:name="android.permission.RECEIVE_BOOT_COMPLETED" />
49-->[androidx.work:work-runtime:2.1.0] AndroidManifest.xml:27:5-81
49-->[androidx.work:work-runtime:2.1.0] AndroidManifest.xml:27:22-78
50
51    <application
51-->src\main\AndroidManifest.xml:21:5-56:19
52        android:name="com.hichaty.MainApplication"
52-->src\main\AndroidManifest.xml:22:7-38
53        android:allowBackup="false"
53-->src\main\AndroidManifest.xml:25:7-34
54        android:appComponentFactory="androidx.core.app.CoreComponentFactory"
54-->[androidx.core:core:1.3.1] AndroidManifest.xml:24:18-86
55        android:icon="@mipmap/ic_launcher"
55-->src\main\AndroidManifest.xml:24:7-41
56        android:label="@string/app_name"
56-->src\main\AndroidManifest.xml:23:7-39
57        android:theme="@style/AppTheme"
57-->src\main\AndroidManifest.xml:27:7-38
58        android:usesCleartextTraffic="true" >
58-->src\main\AndroidManifest.xml:26:7-42
59        <activity
59-->src\main\AndroidManifest.xml:28:7-44:18
60            android:name="com.hichaty.MainActivity"
60-->src\main\AndroidManifest.xml:29:9-37
61            android:configChanges="keyboard|keyboardHidden|orientation|screenSize|uiMode"
61-->src\main\AndroidManifest.xml:31:9-86
62            android:label="@string/app_name"
62-->src\main\AndroidManifest.xml:30:9-41
63            android:launchMode="singleTask"
63-->src\main\AndroidManifest.xml:32:9-40
64            android:windowSoftInputMode="adjustResize" >
64-->src\main\AndroidManifest.xml:33:9-51
65            <intent-filter>
65-->src\main\AndroidManifest.xml:34:9-37:25
66                <action android:name="android.intent.action.MAIN" />
66-->src\main\AndroidManifest.xml:35:13-65
66-->src\main\AndroidManifest.xml:35:21-62
67
68                <category android:name="android.intent.category.LAUNCHER" />
68-->src\main\AndroidManifest.xml:36:13-73
68-->src\main\AndroidManifest.xml:36:23-70
69            </intent-filter>
70            <intent-filter>
70-->src\main\AndroidManifest.xml:38:9-43:25
71                <action android:name="android.intent.action.VIEW" />
71-->src\main\AndroidManifest.xml:39:11-63
71-->src\main\AndroidManifest.xml:39:19-60
72
73                <category android:name="android.intent.category.DEFAULT" />
73-->src\main\AndroidManifest.xml:40:11-70
73-->src\main\AndroidManifest.xml:40:21-67
74                <category android:name="android.intent.category.BROWSABLE" />
74-->src\main\AndroidManifest.xml:41:11-72
74-->src\main\AndroidManifest.xml:41:21-69
75
76                <data android:scheme="hichaty" />
76-->src\main\AndroidManifest.xml:42:11-44
76-->src\main\AndroidManifest.xml:42:17-41
77            </intent-filter>
78        </activity>
79        <activity android:name="com.facebook.react.devsupport.DevSettingsActivity" />
79-->src\main\AndroidManifest.xml:45:7-84
79-->src\main\AndroidManifest.xml:45:17-81
80
81        <meta-data
81-->src\main\AndroidManifest.xml:46:7-49:44
82            android:name="com.google.firebase.messaging.default_notification_channel_id"
82-->src\main\AndroidManifest.xml:47:13-89
83            android:value="500" />
83-->src\main\AndroidManifest.xml:48:13-32
84
85        <!-- ca-app-pub-3940256099942544~3347511713 -->
86        <meta-data
86-->src\main\AndroidManifest.xml:52:9-54:44
87            android:name="com.google.android.gms.ads.APPLICATION_ID"
87-->src\main\AndroidManifest.xml:52:20-76
88            android:value="ca-app-pub-8577795871405921~9753507726" />
88-->src\main\AndroidManifest.xml:53:13-67
89        <meta-data
89-->[:react-native-firebase_admob] AndroidManifest.xml:19:9-21:37
90            android:name="com.google.android.gms.ads.DELAY_APP_MEASUREMENT_INIT"
90-->[:react-native-firebase_admob] AndroidManifest.xml:20:13-81
91            android:value="false" />
91-->[:react-native-firebase_admob] AndroidManifest.xml:21:13-34
92
93        <service android:name="io.invertase.firebase.messaging.ReactNativeFirebaseMessagingHeadlessService" />
93-->[:react-native-firebase_messaging] AndroidManifest.xml:16:9-111
93-->[:react-native-firebase_messaging] AndroidManifest.xml:16:18-108
94        <service
94-->[:react-native-firebase_messaging] AndroidManifest.xml:17:9-23:19
95            android:name="io.invertase.firebase.messaging.ReactNativeFirebaseMessagingService"
95-->[:react-native-firebase_messaging] AndroidManifest.xml:18:13-95
96            android:exported="false" >
96-->[:react-native-firebase_messaging] AndroidManifest.xml:19:13-37
97            <intent-filter>
97-->[:react-native-firebase_messaging] AndroidManifest.xml:20:13-22:29
98                <action android:name="com.google.firebase.MESSAGING_EVENT" />
98-->[:react-native-firebase_messaging] AndroidManifest.xml:21:17-78
98-->[:react-native-firebase_messaging] AndroidManifest.xml:21:25-75
99            </intent-filter>
100        </service>
101
102        <receiver
102-->[:react-native-firebase_messaging] AndroidManifest.xml:25:9-32:20
103            android:name="io.invertase.firebase.messaging.ReactNativeFirebaseMessagingReceiver"
103-->[:react-native-firebase_messaging] AndroidManifest.xml:26:13-96
104            android:exported="true"
104-->[:react-native-firebase_messaging] AndroidManifest.xml:27:13-36
105            android:permission="com.google.android.c2dm.permission.SEND" >
105-->[:react-native-firebase_messaging] AndroidManifest.xml:28:13-73
106            <intent-filter>
106-->[:react-native-firebase_messaging] AndroidManifest.xml:29:13-31:29
107                <action android:name="com.google.android.c2dm.intent.RECEIVE" />
107-->[:react-native-firebase_messaging] AndroidManifest.xml:30:17-81
107-->[:react-native-firebase_messaging] AndroidManifest.xml:30:25-78
108            </intent-filter>
109        </receiver>
110
111        <meta-data
111-->[:react-native-firebase_messaging] AndroidManifest.xml:34:9-36:36
112            android:name="firebase_messaging_auto_init_enabled"
112-->[:react-native-firebase_messaging] AndroidManifest.xml:35:13-64
113            android:value="true" />
113-->[:react-native-firebase_messaging] AndroidManifest.xml:36:13-33
114        <meta-data
114-->[:react-native-firebase_messaging] AndroidManifest.xml:40:9-42:47
115            android:name="com.google.firebase.messaging.default_notification_color"
115-->[:react-native-firebase_messaging] AndroidManifest.xml:41:13-84
116            android:resource="@color/white" />
116-->[:react-native-firebase_messaging] AndroidManifest.xml:42:13-44
117
118        <provider
118-->[:react-native-image-crop-picker] AndroidManifest.xml:19:9-27:20
119            android:name="androidx.core.content.FileProvider"
119-->[:react-native-image-crop-picker] AndroidManifest.xml:20:13-62
120            android:authorities="com.hichaty.provider"
120-->[:react-native-image-crop-picker] AndroidManifest.xml:21:13-60
121            android:exported="false"
121-->[:react-native-image-crop-picker] AndroidManifest.xml:22:13-37
122            android:grantUriPermissions="true" >
122-->[:react-native-image-crop-picker] AndroidManifest.xml:23:13-47
123            <meta-data
123-->[:react-native-image-crop-picker] AndroidManifest.xml:24:13-26:58
124                android:name="android.support.FILE_PROVIDER_PATHS"
124-->[:react-native-image-crop-picker] AndroidManifest.xml:25:17-67
125                android:resource="@xml/provider_paths" />
125-->[:react-native-image-crop-picker] AndroidManifest.xml:26:17-55
126        </provider>
127
128        <activity
128-->[:react-native-image-crop-picker] AndroidManifest.xml:29:9-31:72
129            android:name="com.yalantis.ucrop.UCropActivity"
129-->[:react-native-image-crop-picker] AndroidManifest.xml:30:13-60
130            android:theme="@style/Theme.AppCompat.Light.NoActionBar" />
130-->[:react-native-image-crop-picker] AndroidManifest.xml:31:13-69
131
132        <provider
132-->[:react-native-image-picker] AndroidManifest.xml:12:9-20:20
133            android:name="com.imagepicker.ImagePickerProvider"
133-->[:react-native-image-picker] AndroidManifest.xml:13:13-63
134            android:authorities="com.hichaty.imagepickerprovider"
134-->[:react-native-image-picker] AndroidManifest.xml:14:13-71
135            android:exported="false"
135-->[:react-native-image-picker] AndroidManifest.xml:15:13-37
136            android:grantUriPermissions="true" >
136-->[:react-native-image-picker] AndroidManifest.xml:16:13-47
137            <meta-data
137-->[:react-native-image-crop-picker] AndroidManifest.xml:24:13-26:58
138                android:name="android.support.FILE_PROVIDER_PATHS"
138-->[:react-native-image-crop-picker] AndroidManifest.xml:25:17-67
139                android:resource="@xml/imagepicker_provider_paths" />
139-->[:react-native-image-crop-picker] AndroidManifest.xml:26:17-55
140        </provider>
141        <provider
141-->[:react-native-share] AndroidManifest.xml:10:9-18:20
142            android:name="cl.json.RNShareFileProvider"
142-->[:react-native-share] AndroidManifest.xml:11:13-55
143            android:authorities="com.hichaty.rnshare.fileprovider"
143-->[:react-native-share] AndroidManifest.xml:12:13-72
144            android:exported="false"
144-->[:react-native-share] AndroidManifest.xml:13:13-37
145            android:grantUriPermissions="true" >
145-->[:react-native-share] AndroidManifest.xml:14:13-47
146            <meta-data
146-->[:react-native-image-crop-picker] AndroidManifest.xml:24:13-26:58
147                android:name="android.support.FILE_PROVIDER_PATHS"
147-->[:react-native-image-crop-picker] AndroidManifest.xml:25:17-67
148                android:resource="@xml/share_download_paths" />
148-->[:react-native-image-crop-picker] AndroidManifest.xml:26:17-55
149        </provider>
150
151        <activity
151-->[com.google.firebase:firebase-auth:21.0.1] AndroidManifest.xml:27:9-44:20
152            android:name="com.google.firebase.auth.internal.GenericIdpActivity"
152-->[com.google.firebase:firebase-auth:21.0.1] AndroidManifest.xml:28:13-80
153            android:excludeFromRecents="true"
153-->[com.google.firebase:firebase-auth:21.0.1] AndroidManifest.xml:29:13-46
154            android:exported="true"
154-->[com.google.firebase:firebase-auth:21.0.1] AndroidManifest.xml:30:13-36
155            android:launchMode="singleTask"
155-->[com.google.firebase:firebase-auth:21.0.1] AndroidManifest.xml:31:13-44
156            android:theme="@android:style/Theme.Translucent.NoTitleBar" >
156-->[com.google.firebase:firebase-auth:21.0.1] AndroidManifest.xml:32:13-72
157            <intent-filter>
157-->[com.google.firebase:firebase-auth:21.0.1] AndroidManifest.xml:33:13-43:29
158                <action android:name="android.intent.action.VIEW" />
158-->src\main\AndroidManifest.xml:39:11-63
158-->src\main\AndroidManifest.xml:39:19-60
159
160                <category android:name="android.intent.category.DEFAULT" />
160-->src\main\AndroidManifest.xml:40:11-70
160-->src\main\AndroidManifest.xml:40:21-67
161                <category android:name="android.intent.category.BROWSABLE" />
161-->src\main\AndroidManifest.xml:41:11-72
161-->src\main\AndroidManifest.xml:41:21-69
162
163                <data
163-->src\main\AndroidManifest.xml:42:11-44
164                    android:host="firebase.auth"
165                    android:path="/"
166                    android:scheme="genericidp" />
166-->src\main\AndroidManifest.xml:42:17-41
167            </intent-filter>
168        </activity>
169        <activity
169-->[com.google.firebase:firebase-auth:21.0.1] AndroidManifest.xml:45:9-62:20
170            android:name="com.google.firebase.auth.internal.RecaptchaActivity"
170-->[com.google.firebase:firebase-auth:21.0.1] AndroidManifest.xml:46:13-79
171            android:excludeFromRecents="true"
171-->[com.google.firebase:firebase-auth:21.0.1] AndroidManifest.xml:47:13-46
172            android:exported="true"
172-->[com.google.firebase:firebase-auth:21.0.1] AndroidManifest.xml:48:13-36
173            android:launchMode="singleTask"
173-->[com.google.firebase:firebase-auth:21.0.1] AndroidManifest.xml:49:13-44
174            android:theme="@android:style/Theme.Translucent.NoTitleBar" >
174-->[com.google.firebase:firebase-auth:21.0.1] AndroidManifest.xml:50:13-72
175            <intent-filter>
175-->[com.google.firebase:firebase-auth:21.0.1] AndroidManifest.xml:51:13-61:29
176                <action android:name="android.intent.action.VIEW" />
176-->src\main\AndroidManifest.xml:39:11-63
176-->src\main\AndroidManifest.xml:39:19-60
177
178                <category android:name="android.intent.category.DEFAULT" />
178-->src\main\AndroidManifest.xml:40:11-70
178-->src\main\AndroidManifest.xml:40:21-67
179                <category android:name="android.intent.category.BROWSABLE" />
179-->src\main\AndroidManifest.xml:41:11-72
179-->src\main\AndroidManifest.xml:41:21-69
180
181                <data
181-->src\main\AndroidManifest.xml:42:11-44
182                    android:host="firebase.auth"
183                    android:path="/"
184                    android:scheme="recaptcha" />
184-->src\main\AndroidManifest.xml:42:17-41
185            </intent-filter>
186        </activity>
187
188        <service
188-->[com.google.firebase:firebase-auth:21.0.1] AndroidManifest.xml:64:9-73:19
189            android:name="com.google.firebase.auth.api.fallback.service.FirebaseAuthFallbackService"
189-->[com.google.firebase:firebase-auth:21.0.1] AndroidManifest.xml:65:13-101
190            android:enabled="true"
190-->[com.google.firebase:firebase-auth:21.0.1] AndroidManifest.xml:66:13-35
191            android:exported="false" >
191-->[com.google.firebase:firebase-auth:21.0.1] AndroidManifest.xml:67:13-37
192            <intent-filter>
192-->[com.google.firebase:firebase-auth:21.0.1] AndroidManifest.xml:68:13-72:29
193                <action android:name="com.google.firebase.auth.api.gms.service.START" />
193-->[com.google.firebase:firebase-auth:21.0.1] AndroidManifest.xml:69:17-89
193-->[com.google.firebase:firebase-auth:21.0.1] AndroidManifest.xml:69:25-86
194
195                <category android:name="android.intent.category.DEFAULT" />
195-->src\main\AndroidManifest.xml:40:11-70
195-->src\main\AndroidManifest.xml:40:21-67
196            </intent-filter>
197        </service>
198        <service
198-->[com.google.firebase:firebase-auth:21.0.1] AndroidManifest.xml:74:9-80:19
199            android:name="com.google.firebase.components.ComponentDiscoveryService"
199-->[com.google.firebase:firebase-auth:21.0.1] AndroidManifest.xml:75:13-84
200            android:directBootAware="true"
200-->[com.google.firebase:firebase-common:20.0.0] AndroidManifest.xml:35:13-43
201            android:exported="false" >
201-->[com.google.firebase:firebase-auth:21.0.1] AndroidManifest.xml:76:13-37
202            <meta-data
202-->[com.google.firebase:firebase-auth:21.0.1] AndroidManifest.xml:77:13-79:85
203                android:name="com.google.firebase.components:com.google.firebase.auth.FirebaseAuthRegistrar"
203-->[com.google.firebase:firebase-auth:21.0.1] AndroidManifest.xml:78:17-109
204                android:value="com.google.firebase.components.ComponentRegistrar" />
204-->[com.google.firebase:firebase-auth:21.0.1] AndroidManifest.xml:79:17-82
205            <meta-data
205-->[com.google.firebase:firebase-messaging:22.0.0] AndroidManifest.xml:52:13-54:85
206                android:name="com.google.firebase.components:com.google.firebase.messaging.FirebaseMessagingRegistrar"
206-->[com.google.firebase:firebase-messaging:22.0.0] AndroidManifest.xml:53:17-119
207                android:value="com.google.firebase.components.ComponentRegistrar" />
207-->[com.google.firebase:firebase-messaging:22.0.0] AndroidManifest.xml:54:17-82
208            <meta-data
208-->[com.google.firebase:firebase-datatransport:18.0.0] AndroidManifest.xml:28:13-30:85
209                android:name="com.google.firebase.components:com.google.firebase.datatransport.TransportRegistrar"
209-->[com.google.firebase:firebase-datatransport:18.0.0] AndroidManifest.xml:29:17-115
210                android:value="com.google.firebase.components.ComponentRegistrar" />
210-->[com.google.firebase:firebase-datatransport:18.0.0] AndroidManifest.xml:30:17-82
211            <meta-data
211-->[com.google.firebase:firebase-functions:20.0.0] AndroidManifest.xml:18:13-20:85
212                android:name="com.google.firebase.components:com.google.firebase.functions.FunctionsRegistrar"
212-->[com.google.firebase:firebase-functions:20.0.0] AndroidManifest.xml:19:17-111
213                android:value="com.google.firebase.components.ComponentRegistrar" />
213-->[com.google.firebase:firebase-functions:20.0.0] AndroidManifest.xml:20:17-82
214            <meta-data
214-->[com.google.firebase:firebase-iid:21.1.0] AndroidManifest.xml:32:13-34:85
215                android:name="com.google.firebase.components:com.google.firebase.iid.Registrar"
215-->[com.google.firebase:firebase-iid:21.1.0] AndroidManifest.xml:33:17-96
216                android:value="com.google.firebase.components.ComponentRegistrar" />
216-->[com.google.firebase:firebase-iid:21.1.0] AndroidManifest.xml:34:17-82
217            <meta-data
217-->[com.google.firebase:firebase-firestore:23.0.1] AndroidManifest.xml:20:13-22:85
218                android:name="com.google.firebase.components:com.google.firebase.firestore.FirestoreRegistrar"
218-->[com.google.firebase:firebase-firestore:23.0.1] AndroidManifest.xml:21:17-111
219                android:value="com.google.firebase.components.ComponentRegistrar" />
219-->[com.google.firebase:firebase-firestore:23.0.1] AndroidManifest.xml:22:17-82
220            <meta-data
220-->[com.google.firebase:firebase-storage:20.0.0] AndroidManifest.xml:33:13-35:85
221                android:name="com.google.firebase.components:com.google.firebase.storage.StorageRegistrar"
221-->[com.google.firebase:firebase-storage:20.0.0] AndroidManifest.xml:34:17-107
222                android:value="com.google.firebase.components.ComponentRegistrar" />
222-->[com.google.firebase:firebase-storage:20.0.0] AndroidManifest.xml:35:17-82
223            <meta-data
223-->[com.google.android.gms:play-services-measurement-api:19.0.0] AndroidManifest.xml:30:13-32:85
224                android:name="com.google.firebase.components:com.google.firebase.analytics.connector.internal.AnalyticsConnectorRegistrar"
224-->[com.google.android.gms:play-services-measurement-api:19.0.0] AndroidManifest.xml:31:17-139
225                android:value="com.google.firebase.components.ComponentRegistrar" />
225-->[com.google.android.gms:play-services-measurement-api:19.0.0] AndroidManifest.xml:32:17-82
226            <meta-data
226-->[com.google.firebase:firebase-database:20.0.0] AndroidManifest.xml:32:13-34:85
227                android:name="com.google.firebase.components:com.google.firebase.database.DatabaseRegistrar"
227-->[com.google.firebase:firebase-database:20.0.0] AndroidManifest.xml:33:17-109
228                android:value="com.google.firebase.components.ComponentRegistrar" />
228-->[com.google.firebase:firebase-database:20.0.0] AndroidManifest.xml:34:17-82
229            <meta-data
229-->[com.google.firebase:firebase-installations:17.0.0] AndroidManifest.xml:18:13-20:85
230                android:name="com.google.firebase.components:com.google.firebase.installations.FirebaseInstallationsRegistrar"
230-->[com.google.firebase:firebase-installations:17.0.0] AndroidManifest.xml:19:17-127
231                android:value="com.google.firebase.components.ComponentRegistrar" />
231-->[com.google.firebase:firebase-installations:17.0.0] AndroidManifest.xml:20:17-82
232        </service>
233
234        <receiver
234-->[com.google.firebase:firebase-messaging:22.0.0] AndroidManifest.xml:28:9-35:20
235            android:name="com.google.firebase.iid.FirebaseInstanceIdReceiver"
235-->[com.google.firebase:firebase-messaging:22.0.0] AndroidManifest.xml:29:13-78
236            android:exported="true"
236-->[com.google.firebase:firebase-messaging:22.0.0] AndroidManifest.xml:30:13-36
237            android:permission="com.google.android.c2dm.permission.SEND" >
237-->[com.google.firebase:firebase-messaging:22.0.0] AndroidManifest.xml:31:13-73
238            <intent-filter>
238-->[:react-native-firebase_messaging] AndroidManifest.xml:29:13-31:29
239                <action android:name="com.google.android.c2dm.intent.RECEIVE" />
239-->[:react-native-firebase_messaging] AndroidManifest.xml:30:17-81
239-->[:react-native-firebase_messaging] AndroidManifest.xml:30:25-78
240            </intent-filter>
241        </receiver>
242        <!--
243             FirebaseMessagingService performs security checks at runtime,
244             but set to not exported to explicitly avoid allowing another app to call it.
245        -->
246        <service
246-->[com.google.firebase:firebase-messaging:22.0.0] AndroidManifest.xml:41:9-48:19
247            android:name="com.google.firebase.messaging.FirebaseMessagingService"
247-->[com.google.firebase:firebase-messaging:22.0.0] AndroidManifest.xml:42:13-82
248            android:directBootAware="true"
248-->[com.google.firebase:firebase-messaging:22.0.0] AndroidManifest.xml:43:13-43
249            android:exported="false" >
249-->[com.google.firebase:firebase-messaging:22.0.0] AndroidManifest.xml:44:13-37
250            <intent-filter android:priority="-500" >
250-->[:react-native-firebase_messaging] AndroidManifest.xml:20:13-22:29
251                <action android:name="com.google.firebase.MESSAGING_EVENT" />
251-->[:react-native-firebase_messaging] AndroidManifest.xml:21:17-78
251-->[:react-native-firebase_messaging] AndroidManifest.xml:21:25-75
252            </intent-filter>
253        </service>
254        <service
254-->[com.google.android.datatransport:transport-backend-cct:3.0.0] AndroidManifest.xml:29:9-35:19
255            android:name="com.google.android.datatransport.runtime.backends.TransportBackendDiscovery"
255-->[com.google.android.datatransport:transport-backend-cct:3.0.0] AndroidManifest.xml:30:13-103
256            android:exported="false" >
256-->[com.google.android.datatransport:transport-backend-cct:3.0.0] AndroidManifest.xml:31:13-37
257            <meta-data
257-->[com.google.android.datatransport:transport-backend-cct:3.0.0] AndroidManifest.xml:32:13-34:39
258                android:name="backend:com.google.android.datatransport.cct.CctBackendFactory"
258-->[com.google.android.datatransport:transport-backend-cct:3.0.0] AndroidManifest.xml:33:17-94
259                android:value="cct" />
259-->[com.google.android.datatransport:transport-backend-cct:3.0.0] AndroidManifest.xml:34:17-36
260        </service>
261
262        <provider
262-->[com.google.firebase:firebase-common:20.0.0] AndroidManifest.xml:26:9-31:39
263            android:name="com.google.firebase.provider.FirebaseInitProvider"
263-->[com.google.firebase:firebase-common:20.0.0] AndroidManifest.xml:27:13-77
264            android:authorities="com.hichaty.firebaseinitprovider"
264-->[com.google.firebase:firebase-common:20.0.0] AndroidManifest.xml:28:13-72
265            android:directBootAware="true"
265-->[com.google.firebase:firebase-common:20.0.0] AndroidManifest.xml:29:13-43
266            android:exported="false"
266-->[com.google.firebase:firebase-common:20.0.0] AndroidManifest.xml:30:13-37
267            android:initOrder="100" />
267-->[com.google.firebase:firebase-common:20.0.0] AndroidManifest.xml:31:13-36
268
269        <service
269-->[com.google.android.datatransport:transport-runtime:3.0.0] AndroidManifest.xml:26:9-30:19
270            android:name="com.google.android.datatransport.runtime.scheduling.jobscheduling.JobInfoSchedulerService"
270-->[com.google.android.datatransport:transport-runtime:3.0.0] AndroidManifest.xml:27:13-117
271            android:exported="false"
271-->[com.google.android.datatransport:transport-runtime:3.0.0] AndroidManifest.xml:28:13-37
272            android:permission="android.permission.BIND_JOB_SERVICE" >
272-->[com.google.android.datatransport:transport-runtime:3.0.0] AndroidManifest.xml:29:13-69
273        </service>
274
275        <receiver
275-->[com.google.android.datatransport:transport-runtime:3.0.0] AndroidManifest.xml:32:9-34:40
276            android:name="com.google.android.datatransport.runtime.scheduling.jobscheduling.AlarmManagerSchedulerBroadcastReceiver"
276-->[com.google.android.datatransport:transport-runtime:3.0.0] AndroidManifest.xml:33:13-132
277            android:exported="false" />
277-->[com.google.android.datatransport:transport-runtime:3.0.0] AndroidManifest.xml:34:13-37
278
279        <activity
279-->[com.google.android.gms:play-services-auth:19.0.0] AndroidManifest.xml:23:9-27:75
280            android:name="com.google.android.gms.auth.api.signin.internal.SignInHubActivity"
280-->[com.google.android.gms:play-services-auth:19.0.0] AndroidManifest.xml:24:13-93